# JRE version: OpenJDK Runtime Environment (17.0.10) (build 17.0.10+0--11609105)
# Java VM: OpenJDK 64-Bit Server VM (17.0.10+0--11609105, mixed mode, tiered, compressed oops, compressed class ptrs, g1 gc, windows-amd64)
GC Precious Log:
 CPUs: 4 total, 4 available
 Memory: 8083M
 Large Page Support: Disabled
 NUMA Support: Disabled
 Compressed Oops: Enabled (Zero based)
 Heap Region Size: 4M
 Heap Min Capacity: 8M
 Heap Initial Capacity: 128M
 Heap Max Capacity: 8G
 Pre-touch: Disabled
 Parallel Workers: 4
 Concurrent Workers: 1
 Concurrent Refinement Workers: 4
 Periodic GC: Disabled
Heap:
 garbage-first heap   total 1347584K, used 427187K [0x0000000600000000, 0x0000000800000000)
  region size 4096K, 2 young (8192K), 2 survivors (8192K)
 Metaspace       used 173614K, committed 175040K, reserved 1245184K
  class space    used 23199K, committed 23872K, reserved 1048576K
GC Heap History (20 events):
Event: 167.639 GC heap after
{Heap after GC invocations=72 (full 0):
 garbage-first heap   total 1347584K, used 296747K [0x0000000600000000, 0x0000000800000000)
  region size 4096K, 6 young (24576K), 6 survivors (24576K)
 Metaspace       used 168055K, committed 169408K, reserved 1245184K
  class space    used 22603K, committed 23232K, reserved 1048576K
}
Event: 192.336 GC heap before
{Heap before GC invocations=72 (full 0):
 garbage-first heap   total 1347584K, used 915243K [0x0000000600000000, 0x0000000800000000)
  region size 4096K, 157 young (643072K), 6 survivors (24576K)
 Metaspace       used 170696K, committed 172160K, reserved 1245184K
  class space    used 22967K, committed 23616K, reserved 1048576K
}
Event: 192.497 GC heap after
{Heap after GC invocations=73 (full 0):
 garbage-first heap   total 1347584K, used 305083K [0x0000000600000000, 0x0000000800000000)
  region size 4096K, 8 young (32768K), 8 survivors (32768K)
 Metaspace       used 170696K, committed 172160K, reserved 1245184K
  class space    used 22967K, committed 23616K, reserved 1048576K
}
Event: 200.930 GC heap before
{Heap before GC invocations=73 (full 0):
 garbage-first heap   total 1347584K, used 853947K [0x0000000600000000, 0x0000000800000000)
  region size 4096K, 142 young (581632K), 8 survivors (32768K)
 Metaspace       used 171387K, committed 172800K, reserved 1245184K
  class space    used 22997K, committed 23616K, reserved 1048576K
}
Event: 200.994 GC heap after
{Heap after GC invocations=74 (full 0):
 garbage-first heap   total 1347584K, used 303430K [0x0000000600000000, 0x0000000800000000)
  region size 4096K, 8 young (32768K), 8 survivors (32768K)
 Metaspace       used 171387K, committed 172800K, reserved 1245184K
  class space    used 22997K, committed 23616K, reserved 1048576K
}
Event: 204.759 GC heap before
{Heap before GC invocations=74 (full 0):
 garbage-first heap   total 1347584K, used 1077574K [0x0000000600000000, 0x0000000800000000)
  region size 4096K, 197 young (806912K), 8 survivors (32768K)
 Metaspace       used 171630K, committed 173056K, reserved 1245184K
  class space    used 23015K, committed 23680K, reserved 1048576K
}
Event: 205.148 GC heap after
{Heap after GC invocations=75 (full 0):
 garbage-first heap   total 1347584K, used 317125K [0x0000000600000000, 0x0000000800000000)
  region size 4096K, 11 young (45056K), 11 survivors (45056K)
 Metaspace       used 171630K, committed 173056K, reserved 1245184K
  class space    used 23015K, committed 23680K, reserved 1048576K
}
Event: 207.090 GC heap before
{Heap before GC invocations=75 (full 0):
 garbage-first heap   total 1347584K, used 419525K [0x0000000600000000, 0x0000000800000000)
  region size 4096K, 36 young (147456K), 11 survivors (45056K)
 Metaspace       used 171638K, committed 173056K, reserved 1245184K
  class space    used 23015K, committed 23680K, reserved 1048576K
}
Event: 207.256 GC heap after
{Heap after GC invocations=76 (full 0):
 garbage-first heap   total 1347584K, used 320254K [0x0000000600000000, 0x0000000800000000)
  region size 4096K, 2 young (8192K), 2 survivors (8192K)
 Metaspace       used 171638K, committed 173056K, reserved 1245184K
  class space    used 23015K, committed 23680K, reserved 1048576K
}
Event: 211.348 GC heap before
{Heap before GC invocations=76 (full 0):
 garbage-first heap   total 1347584K, used 1082110K [0x0000000600000000, 0x0000000800000000)
  region size 4096K, 188 young (770048K), 2 survivors (8192K)
 Metaspace       used 171676K, committed 173120K, reserved 1245184K
  class space    used 23015K, committed 23680K, reserved 1048576K
}
Event: 211.388 GC heap after
{Heap after GC invocations=77 (full 0):
 garbage-first heap   total 1347584K, used 318387K [0x0000000600000000, 0x0000000800000000)
  region size 4096K, 1 young (4096K), 1 survivors (4096K)
 Metaspace       used 171676K, committed 173120K, reserved 1245184K
  class space    used 23015K, committed 23680K, reserved 1048576K
}
Event: 216.835 GC heap before
{Heap before GC invocations=77 (full 0):
 garbage-first heap   total 1347584K, used 1121203K [0x0000000600000000, 0x0000000800000000)
  region size 4096K, 197 young (806912K), 1 survivors (4096K)
 Metaspace       used 171775K, committed 173184K, reserved 1245184K
  class space    used 23017K, committed 23680K, reserved 1048576K
}
Event: 216.866 GC heap after
{Heap after GC invocations=78 (full 0):
 garbage-first heap   total 1347584K, used 322141K [0x0000000600000000, 0x0000000800000000)
  region size 4096K, 2 young (8192K), 2 survivors (8192K)
 Metaspace       used 171775K, committed 173184K, reserved 1245184K
  class space    used 23017K, committed 23680K, reserved 1048576K
}
Event: 220.470 GC heap before
{Heap before GC invocations=78 (full 0):
 garbage-first heap   total 1347584K, used 1120861K [0x0000000600000000, 0x0000000800000000)
  region size 4096K, 197 young (806912K), 2 survivors (8192K)
 Metaspace       used 171935K, committed 173312K, reserved 1245184K
  class space    used 23021K, committed 23680K, reserved 1048576K
}
Event: 220.520 GC heap after
{Heap after GC invocations=79 (full 0):
 garbage-first heap   total 1347584K, used 327586K [0x0000000600000000, 0x0000000800000000)
  region size 4096K, 4 young (16384K), 4 survivors (16384K)
 Metaspace       used 171935K, committed 173312K, reserved 1245184K
  class space    used 23021K, committed 23680K, reserved 1048576K
}
Event: 226.092 GC heap before
{Heap before GC invocations=79 (full 0):
 garbage-first heap   total 1347584K, used 1138594K [0x0000000600000000, 0x0000000800000000)
  region size 4096K, 197 young (806912K), 4 survivors (16384K)
 Metaspace       used 173249K, committed 174592K, reserved 1245184K
  class space    used 23170K, committed 23808K, reserved 1048576K
}
Event: 226.183 GC heap after
{Heap after GC invocations=80 (full 0):
 garbage-first heap   total 1347584K, used 379238K [0x0000000600000000, 0x0000000800000000)
  region size 4096K, 12 young (49152K), 12 survivors (49152K)
 Metaspace       used 173249K, committed 174592K, reserved 1245184K
  class space    used 23170K, committed 23808K, reserved 1048576K
}
Event: 227.172 GC heap before
{Heap before GC invocations=80 (full 0):
 garbage-first heap   total 1347584K, used 452966K [0x0000000600000000, 0x0000000800000000)
  region size 4096K, 30 young (122880K), 12 survivors (49152K)
 Metaspace       used 173608K, committed 175040K, reserved 1245184K
  class space    used 23199K, committed 23872K, reserved 1048576K
}
Event: 228.023 GC heap after
{Heap after GC invocations=81 (full 0):
 garbage-first heap   total 1347584K, used 404086K [0x0000000600000000, 0x0000000800000000)
  region size 4096K, 4 young (16384K), 4 survivors (16384K)
 Metaspace       used 173608K, committed 175040K, reserved 1245184K
  class space    used 23199K, committed 23872K, reserved 1048576K
}
Event: 229.476 GC heap before
{Heap before GC invocations=81 (full 0):
 garbage-first heap   total 1347584K, used 453238K [0x0000000600000000, 0x0000000800000000)
  region size 4096K, 16 young (65536K), 4 survivors (16384K)
 Metaspace       used 173614K, committed 175040K, reserved 1245184K
  class space    used 23199K, committed 23872K, reserved 1048576K
}

