# JRE version: OpenJDK Runtime Environment (17.0.10) (build 17.0.10+0--11609105)
# Java VM: OpenJDK 64-Bit Server VM (17.0.10+0--11609105, mixed mode, tiered, compressed oops, compressed class ptrs, g1 gc, windows-amd64)
GC Precious Log:
 CPUs: 4 total, 4 available
 Memory: 8083M
 Large Page Support: Disabled
 NUMA Support: Disabled
 Compressed Oops: Enabled (Zero based)
 Heap Region Size: 4M
 Heap Min Capacity: 8M
 Heap Initial Capacity: 128M
 Heap Max Capacity: 8G
 Pre-touch: Disabled
 Parallel Workers: 4
 Concurrent Workers: 1
 Concurrent Refinement Workers: 4
 Periodic GC: Disabled
Heap:
 garbage-first heap   total 1314816K, used 433171K [0x0000000600000000, 0x0000000800000000)
  region size 4096K, 5 young (20480K), 5 survivors (20480K)
 Metaspace       used 175457K, committed 176832K, reserved 1245184K
  class space    used 23997K, committed 24640K, reserved 1048576K
GC Heap History (20 events):
Event: 222.136 GC heap after
{Heap after GC invocations=89 (full 0):
 garbage-first heap   total 1093632K, used 364195K [0x0000000600000000, 0x0000000800000000)
  region size 4096K, 5 young (20480K), 5 survivors (20480K)
 Metaspace       used 173354K, committed 174720K, reserved 1245184K
  class space    used 23701K, committed 24320K, reserved 1048576K
}
Event: 224.064 GC heap before
{Heap before GC invocations=89 (full 0):
 garbage-first heap   total 1093632K, used 532131K [0x0000000600000000, 0x0000000800000000)
  region size 4096K, 46 young (188416K), 5 survivors (20480K)
 Metaspace       used 173381K, committed 174720K, reserved 1245184K
  class space    used 23703K, committed 24320K, reserved 1048576K
}
Event: 224.104 GC heap after
{Heap after GC invocations=90 (full 0):
 garbage-first heap   total 1093632K, used 367036K [0x0000000600000000, 0x0000000800000000)
  region size 4096K, 3 young (12288K), 3 survivors (12288K)
 Metaspace       used 173381K, committed 174720K, reserved 1245184K
  class space    used 23703K, committed 24320K, reserved 1048576K
}
Event: 231.772 GC heap before
{Heap before GC invocations=90 (full 0):
 garbage-first heap   total 1093632K, used 772540K [0x0000000600000000, 0x0000000800000000)
  region size 4096K, 102 young (417792K), 3 survivors (12288K)
 Metaspace       used 173431K, committed 174784K, reserved 1245184K
  class space    used 23705K, committed 24320K, reserved 1048576K
}
Event: 232.080 GC heap after
{Heap after GC invocations=91 (full 0):
 garbage-first heap   total 1093632K, used 370753K [0x0000000600000000, 0x0000000800000000)
  region size 4096K, 4 young (16384K), 4 survivors (16384K)
 Metaspace       used 173431K, committed 174784K, reserved 1245184K
  class space    used 23705K, committed 24320K, reserved 1048576K
}
Event: 233.149 GC heap before
{Heap before GC invocations=91 (full 0):
 garbage-first heap   total 1093632K, used 407617K [0x0000000600000000, 0x0000000800000000)
  region size 4096K, 13 young (53248K), 4 survivors (16384K)
 Metaspace       used 173433K, committed 174784K, reserved 1245184K
  class space    used 23705K, committed 24320K, reserved 1048576K
}
Event: 233.333 GC heap after
{Heap after GC invocations=92 (full 0):
 garbage-first heap   total 1314816K, used 371963K [0x0000000600000000, 0x0000000800000000)
  region size 4096K, 1 young (4096K), 1 survivors (4096K)
 Metaspace       used 173433K, committed 174784K, reserved 1245184K
  class space    used 23705K, committed 24320K, reserved 1048576K
}
Event: 241.781 GC heap before
{Heap before GC invocations=92 (full 0):
 garbage-first heap   total 1314816K, used 797947K [0x0000000600000000, 0x0000000800000000)
  region size 4096K, 105 young (430080K), 1 survivors (4096K)
 Metaspace       used 173534K, committed 174848K, reserved 1245184K
  class space    used 23706K, committed 24320K, reserved 1048576K
}
Event: 241.893 GC heap after
{Heap after GC invocations=93 (full 0):
 garbage-first heap   total 1314816K, used 379166K [0x0000000600000000, 0x0000000800000000)
  region size 4096K, 3 young (12288K), 3 survivors (12288K)
 Metaspace       used 173534K, committed 174848K, reserved 1245184K
  class space    used 23706K, committed 24320K, reserved 1048576K
}
Event: 245.813 GC heap before
{Heap before GC invocations=93 (full 0):
 garbage-first heap   total 1314816K, used 682270K [0x0000000600000000, 0x0000000800000000)
  region size 4096K, 77 young (315392K), 3 survivors (12288K)
 Metaspace       used 173613K, committed 174912K, reserved 1245184K
  class space    used 23708K, committed 24320K, reserved 1048576K
}
Event: 245.850 GC heap after
{Heap after GC invocations=94 (full 0):
 garbage-first heap   total 1314816K, used 380166K [0x0000000600000000, 0x0000000800000000)
  region size 4096K, 3 young (12288K), 3 survivors (12288K)
 Metaspace       used 173613K, committed 174912K, reserved 1245184K
  class space    used 23708K, committed 24320K, reserved 1048576K
}
Event: 247.428 GC heap before
{Heap before GC invocations=94 (full 0):
 garbage-first heap   total 1314816K, used 732422K [0x0000000600000000, 0x0000000800000000)
  region size 4096K, 89 young (364544K), 3 survivors (12288K)
 Metaspace       used 173758K, committed 175168K, reserved 1245184K
  class space    used 23710K, committed 24384K, reserved 1048576K
}
Event: 247.667 GC heap after
{Heap after GC invocations=95 (full 0):
 garbage-first heap   total 1314816K, used 399310K [0x0000000600000000, 0x0000000800000000)
  region size 4096K, 8 young (32768K), 8 survivors (32768K)
 Metaspace       used 173758K, committed 175168K, reserved 1245184K
  class space    used 23710K, committed 24384K, reserved 1048576K
}
Event: 248.209 GC heap before
{Heap before GC invocations=95 (full 0):
 garbage-first heap   total 1314816K, used 444366K [0x0000000600000000, 0x0000000800000000)
  region size 4096K, 19 young (77824K), 8 survivors (32768K)
 Metaspace       used 173785K, committed 175232K, reserved 1245184K
  class space    used 23715K, committed 24384K, reserved 1048576K
}
Event: 248.570 GC heap after
{Heap after GC invocations=96 (full 0):
 garbage-first heap   total 1314816K, used 405221K [0x0000000600000000, 0x0000000800000000)
  region size 4096K, 2 young (8192K), 2 survivors (8192K)
 Metaspace       used 173785K, committed 175232K, reserved 1245184K
  class space    used 23715K, committed 24384K, reserved 1048576K
}
Event: 250.334 GC heap before
{Heap before GC invocations=96 (full 0):
 garbage-first heap   total 1314816K, used 556773K [0x0000000600000000, 0x0000000800000000)
  region size 4096K, 40 young (163840K), 2 survivors (8192K)
 Metaspace       used 174535K, committed 175936K, reserved 1245184K
  class space    used 23848K, committed 24512K, reserved 1048576K
}
Event: 250.371 GC heap after
{Heap after GC invocations=97 (full 0):
 garbage-first heap   total 1314816K, used 415851K [0x0000000600000000, 0x0000000800000000)
  region size 4096K, 5 young (20480K), 5 survivors (20480K)
 Metaspace       used 174535K, committed 175936K, reserved 1245184K
  class space    used 23848K, committed 24512K, reserved 1048576K
}
Event: 250.714 GC heap before
{Heap before GC invocations=97 (full 0):
 garbage-first heap   total 1314816K, used 493675K [0x0000000600000000, 0x0000000800000000)
  region size 4096K, 24 young (98304K), 5 survivors (20480K)
 Metaspace       used 174919K, committed 176320K, reserved 1245184K
  class space    used 23917K, committed 24576K, reserved 1048576K
}
Event: 250.771 GC heap after
{Heap after GC invocations=98 (full 0):
 garbage-first heap   total 1314816K, used 421631K [0x0000000600000000, 0x0000000800000000)
  region size 4096K, 2 young (8192K), 2 survivors (8192K)
 Metaspace       used 174919K, committed 176320K, reserved 1245184K
  class space    used 23917K, committed 24576K, reserved 1048576K
}
Event: 252.337 GC heap before
{Heap before GC invocations=98 (full 0):
 garbage-first heap   total 1314816K, used 687871K [0x0000000600000000, 0x0000000800000000)
  region size 4096K, 67 young (274432K), 2 survivors (8192K)
 Metaspace       used 175457K, committed 176832K, reserved 1245184K
  class space    used 23997K, committed 24640K, reserved 1048576K
}

